{
  "0 debug pnpm:scope": {
    "selected": 1
  },
  "1 info pnpm": {
    "err": {
      "name": "Error",
      "message": "not found: isntall",
      "code": "ENOENT",
      "stack": "Error: not found: isntall\n    at getNotFoundError (/root/.nvm/versions/node/v16.14.2/lib/node_modules/pnpm/dist/pnpm.cjs:41597:51)\n    at Function.whichSync [as sync] (/root/.nvm/versions/node/v16.14.2/lib/node_modules/pnpm/dist/pnpm.cjs:41674:13)\n    at getCommandAbsolutePathSync (/root/.nvm/versions/node/v16.14.2/lib/node_modules/pnpm/dist/pnpm.cjs:43239:44)\n    at default_1 (/root/.nvm/versions/node/v16.14.2/lib/node_modules/pnpm/dist/pnpm.cjs:43248:32)\n    at /root/.nvm/versions/node/v16.14.2/lib/node_modules/pnpm/dist/pnpm.cjs:178235:39"
    }
  },
  "2 error pnpm": {
    "code": "ERR_PNPM_RECURSIVE_EXEC_FIRST_FAIL",
    "prefix": "/root/my-project/FrontEndToolset",
    "err": {
      "name": "pnpm",
      "message": "not found: isntall",
      "code": "ERR_PNPM_RECURSIVE_EXEC_FIRST_FAIL",
      "stack": "Error: not found: isntall\n    at getNotFoundError (/root/.nvm/versions/node/v16.14.2/lib/node_modules/pnpm/dist/pnpm.cjs:41597:51)\n    at Function.whichSync [as sync] (/root/.nvm/versions/node/v16.14.2/lib/node_modules/pnpm/dist/pnpm.cjs:41674:13)\n    at getCommandAbsolutePathSync (/root/.nvm/versions/node/v16.14.2/lib/node_modules/pnpm/dist/pnpm.cjs:43239:44)\n    at default_1 (/root/.nvm/versions/node/v16.14.2/lib/node_modules/pnpm/dist/pnpm.cjs:43248:32)\n    at /root/.nvm/versions/node/v16.14.2/lib/node_modules/pnpm/dist/pnpm.cjs:178235:39"
    }
  }
}